<?xml version='1.0' encoding='UTF-8'?>
<testsuite hostname="DESKTOP-T0HPRAT" name="funsets.FunSetSuite" tests="8" errors="0" failures="0" skipped="0" time="0.156" timestamp="2022-09-15T18:29:17">
          <properties>
[...]
</properties>
          <testcase classname="funsets.FunSetSuite" name="contains is implemented" time="0.079">
                      
                    </testcase><testcase classname="funsets.FunSetSuite" name="singleton set one contains one" time="0.005">
                      
                    </testcase><testcase classname="funsets.FunSetSuite" name="union contains all elements of each set" time="0.011">
                      
                    </testcase><testcase classname="funsets.FunSetSuite" name="intersect contains all elements both in set" time="0.012">
                      
                    </testcase><testcase classname="funsets.FunSetSuite" name="difference contains all element both in set but not in another set" time="0.014">
                      
                    </testcase><testcase classname="funsets.FunSetSuite" name="filter contains all element that holds given predicate" time="0.009">
                      
                    </testcase><testcase classname="funsets.FunSetSuite" name="exists checks whether there exists a element that satisfies given predicate" time="0.011">
                      
                    </testcase><testcase classname="funsets.FunSetSuite" name="map transform each element according to given function" time="0.015">
                      
                    </testcase>
          <system-out><![CDATA[]]></system-out>
          <system-err><![CDATA[]]></system-err>
        </testsuite>